Using pre-set license
Built from '2020.3/staging' branch; Version is '2020.3.13f1 (71691879b7f5) revision 7432472'; Using compiler version '192528614'; Build Type 'Release'
OS: 'Windows 10 Pro; OS build 10240.16384; Version ; 64bit' Language: 'es' Physical Memory: 3964 MB
BatchMode: 1, IsHumanControllingUs: 0, StartBugReporterOnCrash: 0, Is64bit: 1, IsPro: 0

 COMMAND LINE ARGUMENTS:
D:\UNITY2019.1.2\Editor\2020.3.13f1\Editor\Unity.exe
-adb2
-batchMode
-noUpm
-name
AssetImportWorker0
-projectPath
D:/PracticeExample/CCELP_GameJam2022/Hayley_game
-logFile
Logs/AssetImportWorker0.log
-srvPort
57740
Successfully changed project path to: D:/PracticeExample/CCELP_GameJam2022/Hayley_game
D:/PracticeExample/CCELP_GameJam2022/Hayley_game
Using Asset Import Pipeline V2.
Refreshing native plugins compatible for Editor in 103.19 ms, found 2 plugins.
Preloading 0 native plugins for Editor in 0.00 ms.
Initialize engine version: 2020.3.13f1 (71691879b7f5)
[Subsystems] Discovering subsystems at path D:/UNITY2019.1.2/Editor/2020.3.13f1/Editor/Data/Resources/UnitySubsystems
[Subsystems] Discovering subsystems at path D:/PracticeExample/CCELP_GameJam2022/Hayley_game/Assets
GfxDevice: creating device client; threaded=0
d3d11: QueryInterface(IDXGIFactory5) failed (80004002).
Direct3D:
    Version:  Direct3D 11.0 [level 11.1]
    Renderer: Intel(R) HD Graphics 630 (ID=0x5912)
    Vendor:   
    VRAM:     1982 MB
    Driver:   21.20.16.4565
Initialize mono
Mono path[0] = 'D:/UNITY2019.1.2/Editor/2020.3.13f1/Editor/Data/Managed'
Mono path[1] = 'D:/UNITY2019.1.2/Editor/2020.3.13f1/Editor/Data/MonoBleedingEdge/lib/mono/unityjit'
Mono config path = 'D:/UNITY2019.1.2/Editor/2020.3.13f1/Editor/Data/MonoBleedingEdge/etc'
Using monoOptions --debugger-agent=transport=dt_socket,embedding=1,server=y,suspend=n,address=127.0.0.1:56032
Begin MonoManager ReloadAssembly
Registering precompiled unity dll's ...
Register platform support module: D:/UNITY2019.1.2/Editor/2020.3.13f1/Editor/Data/PlaybackEngines/WindowsStandaloneSupport/UnityEditor.WindowsStandalone.Extensions.dll
Registered in 0.000955 seconds.
Native extension for WindowsStandalone target not found
Refreshing native plugins compatible for Editor in 28.38 ms, found 2 plugins.
Preloading 0 native plugins for Editor in 0.00 ms.
Mono: successfully reloaded assembly
- Completed reload, in  1.865 seconds
Platform modules already initialized, skipping
Registering precompiled user dll's ...
Registered in 0.007507 seconds.
Begin MonoManager ReloadAssembly
Native extension for WindowsStandalone target not found
Refreshing native plugins compatible for Editor in 0.33 ms, found 2 plugins.
Preloading 0 native plugins for Editor in 0.00 ms.
Mono: successfully reloaded assembly
- Completed reload, in  1.202 seconds
Platform modules already initialized, skipping
========================================================================
Worker process is ready to serve import requests
Launched and connected shader compiler UnityShaderCompiler.exe after 0.05 seconds
Refreshing native plugins compatible for Editor in 0.46 ms, found 2 plugins.
Preloading 0 native plugins for Editor in 0.00 ms.
Unloading 1390 Unused Serialized files (Serialized files now loaded: 0)
System memory in use before: 64.7 MB.
System memory in use after: 64.8 MB.

Unloading 19 unused Assets to reduce memory usage. Loaded Objects now: 1823.
Total: 3.220156 ms (FindLiveObjects: 0.304164 ms CreateObjectMapping: 0.114912 ms MarkObjects: 2.713653 ms  DeleteObjects: 0.085857 ms)

AssetImportParameters requested are different than current active one (requested -> active):
  custom:framework-win-MediaFoundation: 216162199b28c13a410421893ffa2e32 -> 
  custom:video-decoder-ogg-theora: a1e56fd34408186e4bbccfd4996cb3dc -> 
  custom:container-muxer-webm: aa71ff27fc2769a1b78a27578f13a17b -> 
  custom:container-demuxer-webm: 4f35f7cbe854078d1ac9338744f61a02 -> 
  custom:container-demuxer-ogg: 62fdf1f143b41e24485cea50d1cbac27 -> 
  custom:video-encoder-webm-vp8: eb34c28f22e8b96e1ab97ce403110664 -> 
  custom:video-codec-MediaFoundation-h265: 55f8c8538cf0483ab7069ead6b737db2 -> 
  custom:video-decoder-webm-vp8: 9c59270c3fd7afecdb556c50c9e8de78 -> 
  custom:audio-decoder-ogg-vorbis: bf7c407c2cedff20999df2af8eb42d56 -> 
  custom:audio-encoder-webm-vorbis: bf7c407c2cedff20999df2af8eb42d56 -> 
========================================================================
Received Import Request.
  path: Assets
  artifactKey: Guid(00000000000000001000000000000000) Importer(815301076,1909f56bfc062723c751e8b465ee728b)
Start importing Assets using Guid(00000000000000001000000000000000) Importer(815301076,1909f56bfc062723c751e8b465ee728b)  -> (artifact id: '1497518962bf9f967cca0a9887355610') in 0.015383 seconds 
  Import took 0.017404 seconds .

========================================================================
Received Import Request.
  Time since last request: 0.000257 seconds.
  path: Assets/Scenes
  artifactKey: Guid(4e289ee7eb8f9cb48b6770745706d7e9) Importer(815301076,1909f56bfc062723c751e8b465ee728b)
Start importing Assets/Scenes using Guid(4e289ee7eb8f9cb48b6770745706d7e9) Importer(815301076,1909f56bfc062723c751e8b465ee728b)  -> (artifact id: '3ffae425846d75f9e397f10fc51eec75') in 0.002891 seconds 
  Import took 0.004863 seconds .

========================================================================
Received Import Request.
  Time since last request: 3.738145 seconds.
  path: Assets/Scripts
  artifactKey: Guid(9077899f833983e438c4b8fba761477f) Importer(815301076,1909f56bfc062723c751e8b465ee728b)
Start importing Assets/Scripts using Guid(9077899f833983e438c4b8fba761477f) Importer(815301076,1909f56bfc062723c751e8b465ee728b)  -> (artifact id: '8814ce37d7b2a28256d1a649820d61d2') in 0.006569 seconds 
  Import took 0.010387 seconds .

========================================================================
Received Import Request.
  Time since last request: 102.249073 seconds.
  path: Assets/Animations
  artifactKey: Guid(dad1600a9d050d94ab02b06c063edc0f) Importer(815301076,1909f56bfc062723c751e8b465ee728b)
Start importing Assets/Animations using Guid(dad1600a9d050d94ab02b06c063edc0f) Importer(815301076,1909f56bfc062723c751e8b465ee728b)  -> (artifact id: 'd21d97406b4acb60e8c07e7dbc58317b') in 0.007297 seconds 
  Import took 0.010774 seconds .

AssetImportWorkerClient::OnTransportError - code=2 error=End of file
